make: Nothing to be done for 'all'.
# GNU Make 4.1
# Built for x86_64-unknown-linux-gnu
# Copyright (C) 1988-2014 Free Software Foundation, Inc.
# License GPLv3+: GNU GPL version 3 or later <http://gnu.org/licenses/gpl.html>
# This is free software: you are free to change and redistribute it.
# There is NO WARRANTY, to the extent permitted by law.

# Make data base, printed on Wed May 27 09:08:06 2015

# Variables

# automatic
<D = $(patsubst %/,%,$(dir $<))
# automatic
?F = $(notdir $?)
# default
.SHELLFLAGS := -c
# environment
GPR_PROJECT_PATH = /home/wagnerf/arch/ada-sdl/src/master-build/Thin/AdaSDL/
# default
CWEAVE = cweave
# automatic
?D = $(patsubst %/,%,$(dir $?))
# environment
E_IPC_SOCKET = /run/user/1000/e-wagnerf@0/:0.0-326
# automatic
@D = $(patsubst %/,%,$(dir $@))
# environment
XAUTHORITY = /home/wagnerf/.Xauthority
# automatic
@F = $(notdir $@)
# environment
HG = /usr/bin/hg
# makefile
CURDIR := /home/wagnerf/code/jael/recursive_product
# makefile
SHELL = /bin/sh
# default
RM = rm -f
# environment
LIBRARY_COMBO = gnu-gnu-gnu
# default
COMPILE.mod = $(M2C) $(M2FLAGS) $(MODFLAGS) $(TARGET_ARCH)
# environment
_ = /usr/bin/make
# default
PREPROCESS.F = $(FC) $(FFLAGS) $(CPPFLAGS) $(TARGET_ARCH) -F
# environment
GNUSTEP_NETWORK_ROOT = /usr/Network
# default
LINK.m = $(OBJC) $(OBJCFLAGS) $(CPPFLAGS) $(LDFLAGS) $(TARGET_ARCH)
# environment
XDG_CONFIG_DIRS = /usr/etc/xdg:/etc/xdg
# default
OUTPUT_OPTION = -o $@
# environment
PANTS = ON
# default
COMPILE.cpp = $(COMPILE.cc)
# makefile (from 'Makefile', line 1)
MAKEFILE_LIST :=  Makefile
# environment
E_LIB_DIR = /usr/lib
# environment
E_TAINTED = NO
# environment
GNUSTEP_HOST_CPU = x86_64
# 'override' directive
GNUMAKEFLAGS := 
# default
LINK.p = $(PC) $(PFLAGS) $(CPPFLAGS) $(LDFLAGS) $(TARGET_ARCH)
# environment
XDG_DATA_DIRS = /usr/share/enlightenment:/usr/share:/usr/local/share:/usr/share
# environment
DBUS_SESSION_BUS_ADDRESS = unix:abstract=/tmp/dbus-aFAaE0yHm5,guid=1681911c05bae6f1c88ee05e555ae256
# default
CC = cc
# environment
INFOPATH = /usr/share/info::/home/wagnerf/GNUstep/Library/Documentation/info:
# default
CHECKOUT,v = +$(if $(wildcard $@),,$(CO) $(COFLAGS) $< $@)
# environment
E_BIN_DIR = /usr/bin
# default
CPP = $(CC) -E
# default
LINK.cc = $(CXX) $(CXXFLAGS) $(CPPFLAGS) $(LDFLAGS) $(TARGET_ARCH)
# default
MAKE_HOST := x86_64-unknown-linux-gnu
# environment
PATH = /usr/bin:/home/wagnerf/GNUstep/Tools:/usr/local/sbin:/usr/local/bin:/usr/bin/site_perl:/usr/bin/vendor_perl:/usr/bin/core_perl:/home/wagnerf/code/tmp/pavage/img2ap/:/home/wagnerf/code/jael/bin
# default
LD = ld
# environment
LESS_TERMCAP_mb = [01;31m
# default
TEXI2DVI = texi2dvi
# default
YACC = yacc
# environment
GNUSTEP_USER_ROOT = /home/wagnerf/GNUstep
# environment
E_ICON_THEME = gnome
# environment
LESS_TERMCAP_se = [0m
# environment
XDG_RUNTIME_DIR = /run/user/1000
# environment
XTERM_256_COLORS = 1
# default
LINK.r = $(FC) $(FFLAGS) $(RFLAGS) $(LDFLAGS) $(TARGET_ARCH)
# default
LINT = lint
# default
COMPILE.f = $(FC) $(FFLAGS) $(TARGET_ARCH) -c
# environment
GNUSTEP_PATHLIST = /usr/System:/usr/Network:/usr/Local:/home/wagnerf/GNUstep
# default
LINT.c = $(LINT) $(LINTFLAGS) $(CPPFLAGS) $(TARGET_ARCH)
# default
YACC.m = $(YACC) $(YFLAGS)
# default
YACC.y = $(YACC) $(YFLAGS)
# default
AR = ar
# environment
XDG_MENU_PREFIX = e-
# environment
GTK2_RC_FILES = /home/wagnerf/.gtkrc-2.0
# default
.FEATURES := target-specific order-only second-expansion else-if shortest-stem undefine oneshell archives jobserver output-sync check-symlink guile load
# default
TANGLE = tangle
# environment
LS_COLORS = rs=0:di=01;34:ln=01;36:mh=00:pi=40;33:so=01;35:do=01;35:bd=40;33;01:cd=40;33;01:or=40;31;01:su=37;41:sg=30;43:ca=30;41:tw=30;42:ow=34;42:st=37;44:ex=01;32:*.tar=01;31:*.tgz=01;31:*.arc=01;31:*.arj=01;31:*.taz=01;31:*.lha=01;31:*.lz4=01;31:*.lzh=01;31:*.lzma=01;31:*.tlz=01;31:*.txz=01;31:*.tzo=01;31:*.t7z=01;31:*.zip=01;31:*.z=01;31:*.Z=01;31:*.dz=01;31:*.gz=01;31:*.lrz=01;31:*.lz=01;31:*.lzo=01;31:*.xz=01;31:*.bz2=01;31:*.bz=01;31:*.tbz=01;31:*.tbz2=01;31:*.tz=01;31:*.deb=01;31:*.rpm=01;31:*.jar=01;31:*.war=01;31:*.ear=01;31:*.sar=01;31:*.rar=01;31:*.alz=01;31:*.ace=01;31:*.zoo=01;31:*.cpio=01;31:*.7z=01;31:*.rz=01;31:*.cab=01;31:*.jpg=01;35:*.jpeg=01;35:*.gif=01;35:*.bmp=01;35:*.pbm=01;35:*.pgm=01;35:*.ppm=01;35:*.tga=01;35:*.xbm=01;35:*.xpm=01;35:*.tif=01;35:*.tiff=01;35:*.png=01;35:*.svg=01;35:*.svgz=01;35:*.mng=01;35:*.pcx=01;35:*.mov=01;35:*.mpg=01;35:*.mpeg=01;35:*.m2v=01;35:*.mkv=01;35:*.webm=01;35:*.ogm=01;35:*.mp4=01;35:*.m4v=01;35:*.mp4v=01;35:*.vob=01;35:*.qt=01;35:*.nuv=01;35:*.wmv=01;35:*.asf=01;35:*.rm=01;35:*.rmvb=01;35:*.flc=01;35:*.avi=01;35:*.fli=01;35:*.flv=01;35:*.gl=01;35:*.dl=01;35:*.xcf=01;35:*.xwd=01;35:*.yuv=01;35:*.cgm=01;35:*.emf=01;35:*.axv=01;35:*.anx=01;35:*.ogv=01;35:*.ogx=01;35:*.aac=00;36:*.au=00;36:*.flac=00;36:*.m4a=00;36:*.mid=00;36:*.midi=00;36:*.mka=00;36:*.mp3=00;36:*.mpc=00;36:*.ogg=00;36:*.ra=00;36:*.wav=00;36:*.axa=00;36:*.oga=00;36:*.spx=00;36:*.xspf=00;36:
# default
GET = get
# automatic
%F = $(notdir $%)
# environment
DISPLAY = :0.0
# environment
LESS_TERMCAP_me = [0m
# default
COMPILE.F = $(FC) $(FFLAGS) $(CPPFLAGS) $(TARGET_ARCH) -c
# environment
E_CONF_PROFILE = tiling
# default
CTANGLE = ctangle
# default
.LIBPATTERNS = lib%.so lib%.a
# default
LINK.C = $(LINK.cc)
# environment
PWD = /home/wagnerf/code/jael/recursive_product
# default
LINK.S = $(CC) $(ASFLAGS) $(CPPFLAGS) $(LDFLAGS) $(TARGET_MACH)
# environment
XDG_SEAT = seat0
# default
PREPROCESS.r = $(FC) $(FFLAGS) $(RFLAGS) $(TARGET_ARCH) -F
# environment
GNUSTEP_HOST_OS = linux-gnu
# default
LINK.c = $(CC) $(CFLAGS) $(CPPFLAGS) $(LDFLAGS) $(TARGET_ARCH)
# environment
LESS_TERMCAP_ue = [0m
# default
LINK.s = $(CC) $(ASFLAGS) $(LDFLAGS) $(TARGET_MACH)
# environment
HOME = /home/wagnerf
# environment
LD_LIBRARY_PATH = /home/wagnerf/GNUstep/Library/Libraries:/usr/lib
# environment
PERL5LIB = /home/wagnerf/code/tmp/pavage:/home/wagnerf/code/tmp/pavage/charabia:/home/wagnerf/code/tmp/pavage/packing:/home/wagnerf/code/jael:/home/wagnerf/code/matchpoint/classes
# environment
LOGNAME = wagnerf
# environment
PRINTER = lb110a
# environment
GNUSTEP_LOCAL_ROOT = /usr/Local
# default
CO = co
# default
MAKE_VERSION := 4.1
# environment
EMSCRIPTEN = /usr/lib/emscripten
# automatic
^D = $(patsubst %/,%,$(dir $^))
# environment
LESS_TERMCAP_md = [01;31m
# environment
XDG_VTNR = 7
# environment
E_RESTART = 1
# environment
MAKELEVEL := 0
# default
COMPILE.m = $(OBJC) $(OBJCFLAGS) $(CPPFLAGS) $(TARGET_ARCH) -c
# environment
COLORTERM = yes
# default
MAKE = $(MAKE_COMMAND)
# environment
SHLVL = 1
# environment
LESS_TERMCAP_so = [01;44;33m
# default
AS = as
# default
PREPROCESS.S = $(CC) -E $(CPPFLAGS)
# environment
GUILE_LOAD_PATH = /home/wagnerf/GNUstep/Library/Libraries/Guile:/usr/lib/GNUstep/Libraries/Guile
# environment
OMP_NUM_THREADS = 4
# default
COMPILE.p = $(PC) $(PFLAGS) $(CPPFLAGS) $(TARGET_ARCH) -c
# environment
XDG_SESSION_ID = c1
# environment
USER = wagnerf
# default
FC = f77
# makefile
.DEFAULT_GOAL := all
# environment
E_PREFIX = /usr
# environment
CLASSPATH = /home/wagnerf/GNUstep/Library/Libraries/Java:/usr/lib/GNUstep/Libraries/Java
# environment
GNUSTEP_SYSTEM_ROOT = /usr/System
# automatic
%D = $(patsubst %/,%,$(dir $%))
# environment
E_DATA_DIR = /usr/share/enlightenment
# default
ARFLAGS = rv
# default
WEAVE = weave
# default
MAKE_COMMAND := make
# default
LINK.cpp = $(LINK.cc)
# default
F77 = $(FC)
# environment
OLDPWD = /home/wagnerf
# default
.VARIABLES := 
# default
PC = pc
# automatic
*F = $(notdir $*)
# environment
E_START_TIME = 1432019546.2
# default
COMPILE.def = $(M2C) $(M2FLAGS) $(DEFFLAGS) $(TARGET_ARCH)
# default
LEX = lex
# environment
GNUSTEP_FLATTENED = yes
# makefile
MAKEFLAGS = pt
# environment
MFLAGS = -pt
# automatic
*D = $(patsubst %/,%,$(dir $*))
# environment
MAIL = /var/mail/wagnerf
# default
LEX.l = $(LEX) $(LFLAGS) -t
# default
LEX.m = $(LEX) $(LFLAGS) -t
# environment
LESS_TERMCAP_us = [01;32m
# automatic
+D = $(patsubst %/,%,$(dir $+))
# default
COMPILE.r = $(FC) $(FFLAGS) $(RFLAGS) $(TARGET_ARCH) -c
# automatic
+F = $(notdir $+)
# default
M2C = m2c
# environment
GNUSTEP_IS_FLATTENED = yes
# default
MAKEFILES := 
# environment
JAEL_DEBUG = 1
# default
COMPILE.cc = $(CXX) $(CXXFLAGS) $(CPPFLAGS) $(TARGET_ARCH) -c
# automatic
<F = $(notdir $<)
# environment
E_START = enlightenment_start
# default
CXX = g++
# environment
GNUSTEP_HOST = x86_64-unknown-linux-gnu
# default
COFLAGS = 
# environment
EDITOR = vim
# environment
PAGER = less
# environment
TERMINOLOGY = 1
# default
COMPILE.C = $(COMPILE.cc)
# automatic
^F = $(notdir $^)
# default
COMPILE.S = $(CC) $(ASFLAGS) $(CPPFLAGS) $(TARGET_MACH) -c
# environment
GNUSTEP_MAKEFILES = /usr/share/GNUstep/Makefiles
# default
LINK.F = $(FC) $(FFLAGS) $(CPPFLAGS) $(LDFLAGS) $(TARGET_ARCH)
# default
SUFFIXES := .out .a .ln .o .c .cc .C .cpp .p .f .F .m .r .y .l .ym .yl .s .S .mod .sym .def .h .info .dvi .tex .texinfo .texi .txinfo .w .ch .web .sh .elc .el
# default
COMPILE.c = $(CC) $(CFLAGS) $(CPPFLAGS) $(TARGET_ARCH) -c
# default
COMPILE.s = $(AS) $(ASFLAGS) $(TARGET_MACH)
# environment
MOZ_PLUGIN_PATH = /usr/lib/mozilla/plugins
# default
.INCLUDE_DIRS = /usr/include /usr/local/include /usr/include
# default
.RECIPEPREFIX := 
# default
MAKEINFO = makeinfo
# default
MAKE_TERMERR := /dev/pts/1
# default
OBJC = cc
# default
LINK.f = $(FC) $(FFLAGS) $(LDFLAGS) $(TARGET_ARCH)
# default
TEX = tex
# environment
E_SCALE = 1,000
# environment
TERM = xterm
# default
F77FLAGS = $(FFLAGS)
# environment
E_LOCALE_DIR = /usr/share/locale
# default
LINK.o = $(CC) $(LDFLAGS) $(TARGET_ARCH)
# environment
GNUSTEP_HOST_VENDOR = unknown
# environment
DESKTOP = Enlightenment-0.17.0
# variable set hash-table stats:
# Load=171/1024=17%, Rehash=0, Collisions=20/197=10%

# Pattern-specific Variable Values

# No pattern-specific variable values.

# Directories

# SCCS: could not be stat'd.
# . (device 2051, inode 2842694): 38 files, 76 impossibilities.
# RCS: could not be stat'd.

# 38 files, 76 impossibilities in 3 directories.

# Implicit Rules

%.out:

%.a:

%.ln:

%.o:

%: %.o
#  recipe to execute (built-in):
	$(LINK.o) $^ $(LOADLIBES) $(LDLIBS) -o $@

%.c:

%: %.c
#  recipe to execute (built-in):
	$(LINK.c) $^ $(LOADLIBES) $(LDLIBS) -o $@

%.ln: %.c
#  recipe to execute (built-in):
	$(LINT.c) -C$* $<

%.o: %.c
#  recipe to execute (built-in):
	$(COMPILE.c) $(OUTPUT_OPTION) $<

%.cc:

%: %.cc
#  recipe to execute (built-in):
	$(LINK.cc) $^ $(LOADLIBES) $(LDLIBS) -o $@

%.o: %.cc
#  recipe to execute (built-in):
	$(COMPILE.cc) $(OUTPUT_OPTION) $<

%.C:

%: %.C
#  recipe to execute (built-in):
	$(LINK.C) $^ $(LOADLIBES) $(LDLIBS) -o $@

%.o: %.C
#  recipe to execute (built-in):
	$(COMPILE.C) $(OUTPUT_OPTION) $<

%.cpp:

%: %.cpp
#  recipe to execute (built-in):
	$(LINK.cpp) $^ $(LOADLIBES) $(LDLIBS) -o $@

%.o: %.cpp
#  recipe to execute (built-in):
	$(COMPILE.cpp) $(OUTPUT_OPTION) $<

%.p:

%: %.p
#  recipe to execute (built-in):
	$(LINK.p) $^ $(LOADLIBES) $(LDLIBS) -o $@

%.o: %.p
#  recipe to execute (built-in):
	$(COMPILE.p) $(OUTPUT_OPTION) $<

%.f:

%: %.f
#  recipe to execute (built-in):
	$(LINK.f) $^ $(LOADLIBES) $(LDLIBS) -o $@

%.o: %.f
#  recipe to execute (built-in):
	$(COMPILE.f) $(OUTPUT_OPTION) $<

%.F:

%: %.F
#  recipe to execute (built-in):
	$(LINK.F) $^ $(LOADLIBES) $(LDLIBS) -o $@

%.o: %.F
#  recipe to execute (built-in):
	$(COMPILE.F) $(OUTPUT_OPTION) $<

%.f: %.F
#  recipe to execute (built-in):
	$(PREPROCESS.F) $(OUTPUT_OPTION) $<

%.m:

%: %.m
#  recipe to execute (built-in):
	$(LINK.m) $^ $(LOADLIBES) $(LDLIBS) -o $@

%.o: %.m
#  recipe to execute (built-in):
	$(COMPILE.m) $(OUTPUT_OPTION) $<

%.r:

%: %.r
#  recipe to execute (built-in):
	$(LINK.r) $^ $(LOADLIBES) $(LDLIBS) -o $@

%.o: %.r
#  recipe to execute (built-in):
	$(COMPILE.r) $(OUTPUT_OPTION) $<

%.f: %.r
#  recipe to execute (built-in):
	$(PREPROCESS.r) $(OUTPUT_OPTION) $<

%.y:

%.ln: %.y
#  recipe to execute (built-in):
	$(YACC.y) $< 
	 $(LINT.c) -C$* y.tab.c 
	 $(RM) y.tab.c

%.c: %.y
#  recipe to execute (built-in):
	$(YACC.y) $< 
	 mv -f y.tab.c $@

%.l:

%.ln: %.l
#  recipe to execute (built-in):
	@$(RM) $*.c
	 $(LEX.l) $< > $*.c
	$(LINT.c) -i $*.c -o $@
	 $(RM) $*.c

%.c: %.l
#  recipe to execute (built-in):
	@$(RM) $@ 
	 $(LEX.l) $< > $@

%.r: %.l
#  recipe to execute (built-in):
	$(LEX.l) $< > $@ 
	 mv -f lex.yy.r $@

%.ym:

%.m: %.ym
#  recipe to execute (built-in):
	$(YACC.m) $< 
	 mv -f y.tab.c $@

%.yl:

%.s:

%: %.s
#  recipe to execute (built-in):
	$(LINK.s) $^ $(LOADLIBES) $(LDLIBS) -o $@

%.o: %.s
#  recipe to execute (built-in):
	$(COMPILE.s) -o $@ $<

%.S:

%: %.S
#  recipe to execute (built-in):
	$(LINK.S) $^ $(LOADLIBES) $(LDLIBS) -o $@

%.o: %.S
#  recipe to execute (built-in):
	$(COMPILE.S) -o $@ $<

%.s: %.S
#  recipe to execute (built-in):
	$(PREPROCESS.S) $< > $@

%.mod:

%: %.mod
#  recipe to execute (built-in):
	$(COMPILE.mod) -o $@ -e $@ $^

%.o: %.mod
#  recipe to execute (built-in):
	$(COMPILE.mod) -o $@ $<

%.sym:

%.def:

%.sym: %.def
#  recipe to execute (built-in):
	$(COMPILE.def) -o $@ $<

%.h:

%.info:

%.dvi:

%.tex:

%.dvi: %.tex
#  recipe to execute (built-in):
	$(TEX) $<

%.texinfo:

%.info: %.texinfo
#  recipe to execute (built-in):
	$(MAKEINFO) $(MAKEINFO_FLAGS) $< -o $@

%.dvi: %.texinfo
#  recipe to execute (built-in):
	$(TEXI2DVI) $(TEXI2DVI_FLAGS) $<

%.texi:

%.info: %.texi
#  recipe to execute (built-in):
	$(MAKEINFO) $(MAKEINFO_FLAGS) $< -o $@

%.dvi: %.texi
#  recipe to execute (built-in):
	$(TEXI2DVI) $(TEXI2DVI_FLAGS) $<

%.txinfo:

%.info: %.txinfo
#  recipe to execute (built-in):
	$(MAKEINFO) $(MAKEINFO_FLAGS) $< -o $@

%.dvi: %.txinfo
#  recipe to execute (built-in):
	$(TEXI2DVI) $(TEXI2DVI_FLAGS) $<

%.w:

%.c: %.w
#  recipe to execute (built-in):
	$(CTANGLE) $< - $@

%.tex: %.w
#  recipe to execute (built-in):
	$(CWEAVE) $< - $@

%.ch:

%.web:

%.p: %.web
#  recipe to execute (built-in):
	$(TANGLE) $<

%.tex: %.web
#  recipe to execute (built-in):
	$(WEAVE) $<

%.sh:

%: %.sh
#  recipe to execute (built-in):
	cat $< >$@ 
	 chmod a+x $@

%.elc:

%.el:

(%): %
#  recipe to execute (built-in):
	$(AR) $(ARFLAGS) $@ $<

%.out: %
#  recipe to execute (built-in):
	@rm -f $@ 
	 cp $< $@

%.c: %.w %.ch
#  recipe to execute (built-in):
	$(CTANGLE) $^ $@

%.tex: %.w %.ch
#  recipe to execute (built-in):
	$(CWEAVE) $^ $@

%:: %,v
#  recipe to execute (built-in):
	$(CHECKOUT,v)

%:: RCS/%,v
#  recipe to execute (built-in):
	$(CHECKOUT,v)

%:: RCS/%
#  recipe to execute (built-in):
	$(CHECKOUT,v)

%:: s.%
#  recipe to execute (built-in):
	$(GET) $(GFLAGS) $(SCCS_OUTPUT_OPTION) $<

%:: SCCS/s.%
#  recipe to execute (built-in):
	$(GET) $(GFLAGS) $(SCCS_OUTPUT_OPTION) $<

# 92 implicit rules, 5 (5.4%) terminal.

# Files

# Not a target:
.web.p:
#  Builtin rule
#  Implicit rule search has not been done.
#  Modification time never checked.
#  File has not been updated.
#  recipe to execute (built-in):
	$(TANGLE) $<

split-b: b
#  Implicit rule search has not been done.
#  Last modified 2015-05-27 09:02:53.76260485
#  File has been updated.
#  Successfully updated.
#  recipe to execute (from 'Makefile', line 16):
	matrix_split.pl b

tmp2-c-1: a-1 b-3
#  Implicit rule search has not been done.
#  Last modified 2015-05-27 09:03:49.825940209
#  File has been updated.
#  Successfully updated.
#  recipe to execute (from 'Makefile', line 34):
	matrix_multiply.pl a-1 b-3 tmp2-c-1

# Not a target:
.l.r:
#  Builtin rule
#  Implicit rule search has not been done.
#  Modification time never checked.
#  File has not been updated.
#  recipe to execute (built-in):
	$(LEX.l) $< > $@ 
	 mv -f lex.yy.r $@

# Not a target:
.dvi:
#  Builtin rule
#  Implicit rule search has not been done.
#  Modification time never checked.
#  File has not been updated.

tmp1-c-3: a-2 b-1
#  Implicit rule search has not been done.
#  Last modified 2015-05-27 09:03:49.825940209
#  File has been updated.
#  Successfully updated.
#  recipe to execute (from 'Makefile', line 44):
	matrix_multiply.pl a-2 b-1 tmp1-c-3

# Not a target:
.ym:
#  Builtin rule
#  Implicit rule search has not been done.
#  Modification time never checked.
#  File has not been updated.

a-0: split-a
#  Implicit rule search has not been done.
#  Last modified 2015-05-27 09:03:49.822606875
#  File has been updated.
#  Successfully updated.
#  recipe to execute (from 'Makefile', line 8):
	

# Not a target:
.f.o:
#  Builtin rule
#  Implicit rule search has not been done.
#  Modification time never checked.
#  File has not been updated.
#  recipe to execute (built-in):
	$(COMPILE.f) $(OUTPUT_OPTION) $<

# Not a target:
a:
#  Implicit rule search has been done.
#  Last modified 2015-05-27 09:02:51.722604775
#  File has been updated.
#  Successfully updated.

# Not a target:
b:
#  Implicit rule search has been done.
#  Last modified 2015-05-27 08:49:59.035910188
#  File has been updated.
#  Successfully updated.

c: c-0 c-1 c-2 c-3
#  Implicit rule search has not been done.
#  Last modified 2015-05-27 09:03:49.825940209
#  File has been updated.
#  Successfully updated.
#  recipe to execute (from 'Makefile', line 50):
	matrix_fuse.pl c c-0 c-1 c-2 c-3

# Not a target:
.l:
#  Builtin rule
#  Implicit rule search has not been done.
#  Modification time never checked.
#  File has not been updated.

# Not a target:
.m:
#  Builtin rule
#  Implicit rule search has not been done.
#  Modification time never checked.
#  File has not been updated.
#  recipe to execute (built-in):
	$(LINK.m) $^ $(LOADLIBES) $(LDLIBS) -o $@

# Not a target:
.ln:
#  Builtin rule
#  Implicit rule search has not been done.
#  Modification time never checked.
#  File has not been updated.

# Not a target:
.o:
#  Builtin rule
#  Implicit rule search has not been done.
#  Modification time never checked.
#  File has not been updated.
#  recipe to execute (built-in):
	$(LINK.o) $^ $(LOADLIBES) $(LDLIBS) -o $@

# Not a target:
.y:
#  Builtin rule
#  Implicit rule search has not been done.
#  Modification time never checked.
#  File has not been updated.

tmp2-c-2: a-3 b-2
#  Implicit rule search has not been done.
#  Last modified 2015-05-27 09:03:49.825940209
#  File has been updated.
#  Successfully updated.
#  recipe to execute (from 'Makefile', line 40):
	matrix_multiply.pl a-3 b-2 tmp2-c-2

# Not a target:
.def.sym:
#  Builtin rule
#  Implicit rule search has not been done.
#  Modification time never checked.
#  File has not been updated.
#  recipe to execute (built-in):
	$(COMPILE.def) -o $@ $<

a-1: split-a
#  Implicit rule search has not been done.
#  Last modified 2015-05-27 09:03:49.825940209
#  File has been updated.
#  Successfully updated.
#  recipe to execute (from 'Makefile', line 10):
	

# Not a target:
.p.o:
#  Builtin rule
#  Implicit rule search has not been done.
#  Modification time never checked.
#  File has not been updated.
#  recipe to execute (built-in):
	$(COMPILE.p) $(OUTPUT_OPTION) $<

# Not a target:
.p:
#  Builtin rule
#  Implicit rule search has not been done.
#  Modification time never checked.
#  File has not been updated.
#  recipe to execute (built-in):
	$(LINK.p) $^ $(LOADLIBES) $(LDLIBS) -o $@

# Not a target:
.txinfo.dvi:
#  Builtin rule
#  Implicit rule search has not been done.
#  Modification time never checked.
#  File has not been updated.
#  recipe to execute (built-in):
	$(TEXI2DVI) $(TEXI2DVI_FLAGS) $<

# Not a target:
.a:
#  Builtin rule
#  Implicit rule search has not been done.
#  Modification time never checked.
#  File has not been updated.

# Not a target:
.yl:
#  Builtin rule
#  Implicit rule search has not been done.
#  Modification time never checked.
#  File has not been updated.

# Not a target:
.l.ln:
#  Builtin rule
#  Implicit rule search has not been done.
#  Modification time never checked.
#  File has not been updated.
#  recipe to execute (built-in):
	@$(RM) $*.c
	 $(LEX.l) $< > $*.c
	$(LINT.c) -i $*.c -o $@
	 $(RM) $*.c

# Not a target:
.F.o:
#  Builtin rule
#  Implicit rule search has not been done.
#  Modification time never checked.
#  File has not been updated.
#  recipe to execute (built-in):
	$(COMPILE.F) $(OUTPUT_OPTION) $<

# Not a target:
.texi.info:
#  Builtin rule
#  Implicit rule search has not been done.
#  Modification time never checked.
#  File has not been updated.
#  recipe to execute (built-in):
	$(MAKEINFO) $(MAKEINFO_FLAGS) $< -o $@

# Not a target:
.w.c:
#  Builtin rule
#  Implicit rule search has not been done.
#  Modification time never checked.
#  File has not been updated.
#  recipe to execute (built-in):
	$(CTANGLE) $< - $@

# Not a target:
.texi.dvi:
#  Builtin rule
#  Implicit rule search has not been done.
#  Modification time never checked.
#  File has not been updated.
#  recipe to execute (built-in):
	$(TEXI2DVI) $(TEXI2DVI_FLAGS) $<

# Not a target:
.ch:
#  Builtin rule
#  Implicit rule search has not been done.
#  Modification time never checked.
#  File has not been updated.

# Not a target:
.m.o:
#  Builtin rule
#  Implicit rule search has not been done.
#  Modification time never checked.
#  File has not been updated.
#  recipe to execute (built-in):
	$(COMPILE.m) $(OUTPUT_OPTION) $<

a-2: split-a
#  Implicit rule search has not been done.
#  Last modified 2015-05-27 09:03:49.825940209
#  File has been updated.
#  Successfully updated.
#  recipe to execute (from 'Makefile', line 12):
	

# Not a target:
.cc:
#  Builtin rule
#  Implicit rule search has not been done.
#  Modification time never checked.
#  File has not been updated.
#  recipe to execute (built-in):
	$(LINK.cc) $^ $(LOADLIBES) $(LDLIBS) -o $@

# Not a target:
.cc.o:
#  Builtin rule
#  Implicit rule search has not been done.
#  Modification time never checked.
#  File has not been updated.
#  recipe to execute (built-in):
	$(COMPILE.cc) $(OUTPUT_OPTION) $<

b-0: split-b
#  Implicit rule search has not been done.
#  Last modified 2015-05-27 09:03:49.825940209
#  File has been updated.
#  Successfully updated.
#  recipe to execute (from 'Makefile', line 18):
	

# Not a target:
.def:
#  Builtin rule
#  Implicit rule search has not been done.
#  Modification time never checked.
#  File has not been updated.

# Not a target:
.SUFFIXES: .out .a .ln .o .c .cc .C .cpp .p .f .F .m .r .y .l .ym .yl .s .S .mod .sym .def .h .info .dvi .tex .texinfo .texi .txinfo .w .ch .web .sh .elc .el
#  Builtin rule
#  Implicit rule search has not been done.
#  Modification time never checked.
#  File has not been updated.

c-0: tmp1-c-0 tmp2-c-0
#  Implicit rule search has not been done.
#  Last modified 2015-05-27 09:03:49.825940209
#  File has been updated.
#  Successfully updated.
#  recipe to execute (from 'Makefile', line 30):
	matrix_add.pl tmp1-c-0 tmp2-c-0 c-0

# Not a target:
.c.o:
#  Builtin rule
#  Implicit rule search has not been done.
#  Modification time never checked.
#  File has not been updated.
#  recipe to execute (built-in):
	$(COMPILE.c) $(OUTPUT_OPTION) $<

# Not a target:
Makefile:
#  Implicit rule search has been done.
#  Last modified 2015-05-27 09:04:26.899274882
#  File has been updated.
#  Successfully updated.

# Not a target:
.r.o:
#  Builtin rule
#  Implicit rule search has not been done.
#  Modification time never checked.
#  File has not been updated.
#  recipe to execute (built-in):
	$(COMPILE.r) $(OUTPUT_OPTION) $<

# Not a target:
.r:
#  Builtin rule
#  Implicit rule search has not been done.
#  Modification time never checked.
#  File has not been updated.
#  recipe to execute (built-in):
	$(LINK.r) $^ $(LOADLIBES) $(LDLIBS) -o $@

tmp2-c-3: a-3 b-3
#  Implicit rule search has not been done.
#  Last modified 2015-05-27 09:03:49.825940209
#  File has been updated.
#  Successfully updated.
#  recipe to execute (from 'Makefile', line 46):
	matrix_multiply.pl a-3 b-3 tmp2-c-3

# Not a target:
.ym.m:
#  Builtin rule
#  Implicit rule search has not been done.
#  Modification time never checked.
#  File has not been updated.
#  recipe to execute (built-in):
	$(YACC.m) $< 
	 mv -f y.tab.c $@

# Not a target:
.y.ln:
#  Builtin rule
#  Implicit rule search has not been done.
#  Modification time never checked.
#  File has not been updated.
#  recipe to execute (built-in):
	$(YACC.y) $< 
	 $(LINT.c) -C$* y.tab.c 
	 $(RM) y.tab.c

c-1: tmp1-c-1 tmp2-c-1
#  Implicit rule search has not been done.
#  Last modified 2015-05-27 09:03:49.825940209
#  File has been updated.
#  Successfully updated.
#  recipe to execute (from 'Makefile', line 36):
	matrix_add.pl tmp1-c-1 tmp2-c-1 c-1

# Not a target:
.elc:
#  Builtin rule
#  Implicit rule search has not been done.
#  Modification time never checked.
#  File has not been updated.

# Not a target:
.l.c:
#  Builtin rule
#  Implicit rule search has not been done.
#  Modification time never checked.
#  File has not been updated.
#  recipe to execute (built-in):
	@$(RM) $@ 
	 $(LEX.l) $< > $@

a-3: split-a
#  Implicit rule search has not been done.
#  Last modified 2015-05-27 09:03:49.825940209
#  File has been updated.
#  Successfully updated.
#  recipe to execute (from 'Makefile', line 14):
	

# Not a target:
.out:
#  Builtin rule
#  Implicit rule search has not been done.
#  Modification time never checked.
#  File has not been updated.

all: c check
#  Implicit rule search has been done.
#  File does not exist.
#  File has been updated.
#  Successfully updated.

# Not a target:
.C:
#  Builtin rule
#  Implicit rule search has not been done.
#  Modification time never checked.
#  File has not been updated.
#  recipe to execute (built-in):
	$(LINK.C) $^ $(LOADLIBES) $(LDLIBS) -o $@

# Not a target:
.r.f:
#  Builtin rule
#  Implicit rule search has not been done.
#  Modification time never checked.
#  File has not been updated.
#  recipe to execute (built-in):
	$(PREPROCESS.r) $(OUTPUT_OPTION) $<

# Not a target:
.S:
#  Builtin rule
#  Implicit rule search has not been done.
#  Modification time never checked.
#  File has not been updated.
#  recipe to execute (built-in):
	$(LINK.S) $^ $(LOADLIBES) $(LDLIBS) -o $@

# Not a target:
.texinfo.info:
#  Builtin rule
#  Implicit rule search has not been done.
#  Modification time never checked.
#  File has not been updated.
#  recipe to execute (built-in):
	$(MAKEINFO) $(MAKEINFO_FLAGS) $< -o $@

# Not a target:
.c:
#  Builtin rule
#  Implicit rule search has not been done.
#  Modification time never checked.
#  File has not been updated.
#  recipe to execute (built-in):
	$(LINK.c) $^ $(LOADLIBES) $(LDLIBS) -o $@

# Not a target:
.w.tex:
#  Builtin rule
#  Implicit rule search has not been done.
#  Modification time never checked.
#  File has not been updated.
#  recipe to execute (built-in):
	$(CWEAVE) $< - $@

# Not a target:
.c.ln:
#  Builtin rule
#  Implicit rule search has not been done.
#  Modification time never checked.
#  File has not been updated.
#  recipe to execute (built-in):
	$(LINT.c) -C$* $<

# Not a target:
.s.o:
#  Builtin rule
#  Implicit rule search has not been done.
#  Modification time never checked.
#  File has not been updated.
#  recipe to execute (built-in):
	$(COMPILE.s) -o $@ $<

# Not a target:
.s:
#  Builtin rule
#  Implicit rule search has not been done.
#  Modification time never checked.
#  File has not been updated.
#  recipe to execute (built-in):
	$(LINK.s) $^ $(LOADLIBES) $(LDLIBS) -o $@

b-2: split-b
#  Implicit rule search has not been done.
#  Last modified 2015-05-27 09:03:49.825940209
#  File has been updated.
#  Successfully updated.
#  recipe to execute (from 'Makefile', line 22):
	

b-1: split-b
#  Implicit rule search has not been done.
#  Last modified 2015-05-27 09:03:49.825940209
#  File has been updated.
#  Successfully updated.
#  recipe to execute (from 'Makefile', line 20):
	

# Not a target:
.texinfo.dvi:
#  Builtin rule
#  Implicit rule search has not been done.
#  Modification time never checked.
#  File has not been updated.
#  recipe to execute (built-in):
	$(TEXI2DVI) $(TEXI2DVI_FLAGS) $<

# Not a target:
.el:
#  Builtin rule
#  Implicit rule search has not been done.
#  Modification time never checked.
#  File has not been updated.

c-2: tmp1-c-2 tmp2-c-2
#  Implicit rule search has not been done.
#  Last modified 2015-05-27 09:03:49.825940209
#  File has been updated.
#  Successfully updated.
#  recipe to execute (from 'Makefile', line 42):
	matrix_add.pl tmp1-c-2 tmp2-c-2 c-2

# Not a target:
.lm.m:
#  Builtin rule
#  Implicit rule search has not been done.
#  Modification time never checked.
#  File has not been updated.
#  recipe to execute (built-in):
	@$(RM) $@ 
	 $(LEX.m) $< > $@

# Not a target:
.y.c:
#  Builtin rule
#  Implicit rule search has not been done.
#  Modification time never checked.
#  File has not been updated.
#  recipe to execute (built-in):
	$(YACC.y) $< 
	 mv -f y.tab.c $@

# Not a target:
.web.tex:
#  Builtin rule
#  Implicit rule search has not been done.
#  Modification time never checked.
#  File has not been updated.
#  recipe to execute (built-in):
	$(WEAVE) $<

# Not a target:
.texinfo:
#  Builtin rule
#  Implicit rule search has not been done.
#  Modification time never checked.
#  File has not been updated.

# Not a target:
.DEFAULT:
#  Implicit rule search has not been done.
#  Modification time never checked.
#  File has not been updated.

# Not a target:
.h:
#  Builtin rule
#  Implicit rule search has not been done.
#  Modification time never checked.
#  File has not been updated.

# Not a target:
.tex.dvi:
#  Builtin rule
#  Implicit rule search has not been done.
#  Modification time never checked.
#  File has not been updated.
#  recipe to execute (built-in):
	$(TEX) $<

# Not a target:
.cpp.o:
#  Builtin rule
#  Implicit rule search has not been done.
#  Modification time never checked.
#  File has not been updated.
#  recipe to execute (built-in):
	$(COMPILE.cpp) $(OUTPUT_OPTION) $<

# Not a target:
.cpp:
#  Builtin rule
#  Implicit rule search has not been done.
#  Modification time never checked.
#  File has not been updated.
#  recipe to execute (built-in):
	$(LINK.cpp) $^ $(LOADLIBES) $(LDLIBS) -o $@

clean:
#  Implicit rule search has not been done.
#  Modification time never checked.
#  File has not been updated.
#  recipe to execute (from 'Makefile', line 52):
	rm -f split-a a-0 b-2 tmp2-c-1 tmp1-c-2 c-1 a-1 b-3 check c a-2 c-2 tmp2-c-3 b-1 tmp2-c-0 c-0 tmp2-c-2 tmp1-c-3 c-3 split-b tmp1-c-1 tmp1-c-0 a-3 b-0

# Not a target:
.C.o:
#  Builtin rule
#  Implicit rule search has not been done.
#  Modification time never checked.
#  File has not been updated.
#  recipe to execute (built-in):
	$(COMPILE.C) $(OUTPUT_OPTION) $<

# Not a target:
.texi:
#  Builtin rule
#  Implicit rule search has not been done.
#  Modification time never checked.
#  File has not been updated.

# Not a target:
.txinfo:
#  Builtin rule
#  Implicit rule search has not been done.
#  Modification time never checked.
#  File has not been updated.

# Not a target:
.tex:
#  Builtin rule
#  Implicit rule search has not been done.
#  Modification time never checked.
#  File has not been updated.

# Not a target:
.txinfo.info:
#  Builtin rule
#  Implicit rule search has not been done.
#  Modification time never checked.
#  File has not been updated.
#  recipe to execute (built-in):
	$(MAKEINFO) $(MAKEINFO_FLAGS) $< -o $@

tmp1-c-0: a-0 b-0
#  Implicit rule search has not been done.
#  Last modified 2015-05-27 09:03:49.825940209
#  File has been updated.
#  Successfully updated.
#  recipe to execute (from 'Makefile', line 26):
	matrix_multiply.pl a-0 b-0 tmp1-c-0

# Not a target:
.sh:
#  Builtin rule
#  Implicit rule search has not been done.
#  Modification time never checked.
#  File has not been updated.
#  recipe to execute (built-in):
	cat $< >$@ 
	 chmod a+x $@

tmp1-c-1: a-0 b-1
#  Implicit rule search has not been done.
#  Last modified 2015-05-27 09:03:49.825940209
#  File has been updated.
#  Successfully updated.
#  recipe to execute (from 'Makefile', line 32):
	matrix_multiply.pl a-0 b-1 tmp1-c-1

# Not a target:
.S.s:
#  Builtin rule
#  Implicit rule search has not been done.
#  Modification time never checked.
#  File has not been updated.
#  recipe to execute (built-in):
	$(PREPROCESS.S) $< > $@

# Not a target:
.mod:
#  Builtin rule
#  Implicit rule search has not been done.
#  Modification time never checked.
#  File has not been updated.
#  recipe to execute (built-in):
	$(COMPILE.mod) -o $@ -e $@ $^

# Not a target:
.mod.o:
#  Builtin rule
#  Implicit rule search has not been done.
#  Modification time never checked.
#  File has not been updated.
#  recipe to execute (built-in):
	$(COMPILE.mod) -o $@ $<

# Not a target:
.F.f:
#  Builtin rule
#  Implicit rule search has not been done.
#  Modification time never checked.
#  File has not been updated.
#  recipe to execute (built-in):
	$(PREPROCESS.F) $(OUTPUT_OPTION) $<

b-3: split-b
#  Implicit rule search has not been done.
#  Last modified 2015-05-27 09:03:49.825940209
#  File has been updated.
#  Successfully updated.
#  recipe to execute (from 'Makefile', line 24):
	

# Not a target:
.w:
#  Builtin rule
#  Implicit rule search has not been done.
#  Modification time never checked.
#  File has not been updated.

# Not a target:
.S.o:
#  Builtin rule
#  Implicit rule search has not been done.
#  Modification time never checked.
#  File has not been updated.
#  recipe to execute (built-in):
	$(COMPILE.S) -o $@ $<

check: a b
#  Implicit rule search has not been done.
#  Last modified 2015-05-27 09:03:22.479272554
#  File has been updated.
#  Successfully updated.
#  recipe to execute (from 'Makefile', line 4):
	matrix_multiply.pl a b check

c-3: tmp1-c-3 tmp2-c-3
#  Implicit rule search has not been done.
#  Last modified 2015-05-27 09:03:49.825940209
#  File has been updated.
#  Successfully updated.
#  recipe to execute (from 'Makefile', line 48):
	matrix_add.pl tmp1-c-3 tmp2-c-3 c-3

tmp1-c-2: a-2 b-0
#  Implicit rule search has not been done.
#  Last modified 2015-05-27 09:03:49.825940209
#  File has been updated.
#  Successfully updated.
#  recipe to execute (from 'Makefile', line 38):
	matrix_multiply.pl a-2 b-0 tmp1-c-2

split-a: a
#  Implicit rule search has not been done.
#  Last modified 2015-05-27 09:02:51.729271443
#  File has been updated.
#  Successfully updated.
#  recipe to execute (from 'Makefile', line 6):
	matrix_split.pl a

# Not a target:
.F:
#  Builtin rule
#  Implicit rule search has not been done.
#  Modification time never checked.
#  File has not been updated.
#  recipe to execute (built-in):
	$(LINK.F) $^ $(LOADLIBES) $(LDLIBS) -o $@

# Not a target:
.web:
#  Builtin rule
#  Implicit rule search has not been done.
#  Modification time never checked.
#  File has not been updated.

# Not a target:
.sym:
#  Builtin rule
#  Implicit rule search has not been done.
#  Modification time never checked.
#  File has not been updated.

# Not a target:
.f:
#  Builtin rule
#  Implicit rule search has not been done.
#  Modification time never checked.
#  File has not been updated.
#  recipe to execute (built-in):
	$(LINK.f) $^ $(LOADLIBES) $(LDLIBS) -o $@

# Not a target:
.info:
#  Builtin rule
#  Implicit rule search has not been done.
#  Modification time never checked.
#  File has not been updated.

tmp2-c-0: a-1 b-2
#  Implicit rule search has not been done.
#  Last modified 2015-05-27 09:03:49.825940209
#  File has been updated.
#  Successfully updated.
#  recipe to execute (from 'Makefile', line 28):
	matrix_multiply.pl a-1 b-2 tmp2-c-0

# files hash-table stats:
# Load=101/1024=10%, Rehash=0, Collisions=725/2011=36%
# VPATH Search Paths

# No 'vpath' search paths.

# No general ('VPATH' variable) search path.

# strcache buffers: 1 (0) / strings = 633 / storage = 5795 B / avg = 9 B
# current buf: size = 8162 B / used = 5795 B / count = 633 / avg = 9 B

# strcache performance: lookups = 1127 / hit rate = 43%
# hash-table stats:
# Load=633/8192=8%, Rehash=0, Collisions=527/1127=47%
# Finished Make data base on Wed May 27 09:08:06 2015

